14:26:56 [INFO] Loaded properties from file 'system.properties'
14:26:56 [INFO] Loaded properties from file 'jdbc.properties'
14:26:56 [INFO] Database connected successfully!
14:26:56 [INFO] load 442  item(s) count.
14:26:56 [INFO] Loaded 1 registered GameServers.
14:26:56 [INFO] Loaded 0 blocked ip masks.
14:26:56 [INFO] Loaded
14:26:56 [INFO] Loaded start player template
14:26:56 [INFO] Loaded 0 start items
14:26:56 [INFO] Loaded 2 client packet prototypes
14:26:56 [INFO] Loaded 2 operations interaction with the game server
14:26:56 [INFO] Loaded in 0 sec(0,000 min)
14:26:56 [INFO] Used 8 mb, max 31 mb.
14:26:56 [INFO] Used 26,21% percent memory.
14:26:56 [INFO] Listening to the game server connections [/127.0.0.1:9889]
14:26:56 [INFO] Listening to the client connections [/127.0.0.1:39190]
14:28:32 [INFO] Loaded properties from file 'system.properties'
14:28:32 [INFO] Loaded properties from file 'jdbc.properties'
14:28:32 [INFO] Database connected successfully!
14:28:33 [INFO] load 442  item(s) count.
14:28:33 [INFO] Loaded 1 registered GameServers.
14:28:33 [INFO] Loaded 0 blocked ip masks.
14:28:33 [INFO] Loaded
14:28:33 [INFO] Loaded start player template
14:28:33 [INFO] Loaded 0 start items
14:28:33 [INFO] Loaded 2 client packet prototypes
14:28:33 [INFO] Loaded 2 operations interaction with the game server
14:28:33 [INFO] Loaded in 0 sec(0,000 min)
14:28:33 [INFO] Used 8 mb, max 31 mb.
14:28:33 [INFO] Used 26,76% percent memory.
14:28:33 [INFO] Listening to the game server connections [/127.0.0.1:9889]
14:28:33 [INFO] Listening to the client connections [/127.0.0.1:39190]
14:28:51 [INFO] Loaded properties from file 'system.properties'
14:28:51 [INFO] Loaded properties from file 'jdbc.properties'
14:28:51 [INFO] Database connected successfully!
14:28:51 [INFO] load 442  item(s) count.
14:28:51 [INFO] Loaded 1 registered GameServers.
14:28:51 [INFO] Loaded 0 blocked ip masks.
14:28:51 [INFO] Loaded
14:28:51 [INFO] Loaded start player template
14:28:51 [INFO] Loaded 0 start items
14:28:51 [INFO] Loaded 2 client packet prototypes
14:28:51 [INFO] Loaded 2 operations interaction with the game server
14:28:51 [INFO] Loaded in 0 sec(0,000 min)
14:28:51 [INFO] Used 8 mb, max 31 mb.
14:28:51 [INFO] Used 26,89% percent memory.
14:28:51 [INFO] Listening to the game server connections [/127.0.0.1:9889]
14:28:51 [INFO] Listening to the client connections [/127.0.0.1:39190]
14:29:17 [INFO] Loaded properties from file 'system.properties'
14:29:17 [INFO] Loaded properties from file 'jdbc.properties'
14:29:17 [INFO] Database connected successfully!
14:29:17 [INFO] load 442  item(s) count.
14:29:17 [INFO] Loaded 1 registered GameServers.
14:29:17 [INFO] Loaded 0 blocked ip masks.
14:29:17 [INFO] Loaded
14:29:17 [INFO] Loaded start player template
14:29:17 [INFO] Loaded 0 start items
14:29:17 [INFO] Loaded 2 client packet prototypes
14:29:17 [INFO] Loaded 2 operations interaction with the game server
14:29:17 [INFO] Loaded in 0 sec(0,000 min)
14:29:17 [INFO] Used 8 mb, max 31 mb.
14:29:17 [INFO] Used 26,98% percent memory.
14:29:18 [INFO] Listening to the game server connections [/127.0.0.1:9889]
14:29:18 [INFO] Listening to the client connections [/127.0.0.1:39190]
14:32:46 [INFO] Loaded properties from file 'system.properties'
14:32:46 [INFO] Loaded properties from file 'jdbc.properties'
14:32:46 [INFO] Database connected successfully!
14:32:46 [INFO] load 442  item(s) count.
14:32:46 [INFO] Loaded 1 registered GameServers.
14:32:46 [INFO] Loaded 0 blocked ip masks.
14:32:46 [INFO] Loaded
14:32:46 [INFO] Loaded start player template
14:32:46 [INFO] Loaded 0 start items
14:32:46 [INFO] Loaded 2 client packet prototypes
14:32:46 [INFO] Loaded 2 operations interaction with the game server
14:32:46 [INFO] Loaded in 0 sec(0,000 min)
14:32:46 [INFO] Used 8 mb, max 31 mb.
14:32:46 [INFO] Used 26,96% percent memory.
14:32:47 [INFO] Listening to the game server connections [/127.0.0.1:9889]
14:32:47 [INFO] Listening to the client connections [/127.0.0.1:39190]
14:33:01 [INFO] Loaded properties from file 'system.properties'
14:33:01 [INFO] Loaded properties from file 'jdbc.properties'
14:33:01 [INFO] Database connected successfully!
14:33:02 [INFO] load 442  item(s) count.
14:33:02 [INFO] Loaded 1 registered GameServers.
14:33:02 [INFO] Loaded 0 blocked ip masks.
14:33:02 [INFO] Loaded
14:33:02 [INFO] Loaded start player template
14:33:02 [INFO] Loaded 0 start items
14:33:02 [INFO] Loaded 2 client packet prototypes
14:33:02 [INFO] Loaded 2 operations interaction with the game server
14:33:02 [INFO] Loaded in 0 sec(0,000 min)
14:33:02 [INFO] Used 8 mb, max 31 mb.
14:33:02 [INFO] Used 26,79% percent memory.
14:33:02 [INFO] Listening to the game server connections [/127.0.0.1:9889]
14:33:02 [INFO] Listening to the client connections [/127.0.0.1:39190]
14:33:13 [INFO] Loaded properties from file 'system.properties'
14:33:13 [INFO] Loaded properties from file 'jdbc.properties'
14:33:13 [INFO] Database connected successfully!
14:33:13 [INFO] load 442  item(s) count.
14:33:13 [INFO] Loaded 1 registered GameServers.
14:33:13 [INFO] Loaded 0 blocked ip masks.
14:33:13 [INFO] Loaded
14:33:13 [INFO] Loaded start player template
14:33:13 [INFO] Loaded 0 start items
14:33:13 [INFO] Loaded 2 client packet prototypes
14:33:13 [INFO] Loaded 2 operations interaction with the game server
14:33:13 [INFO] Loaded in 0 sec(0,000 min)
14:33:13 [INFO] Used 8 mb, max 31 mb.
14:33:13 [INFO] Used 26,96% percent memory.
14:33:13 [INFO] Listening to the game server connections [/127.0.0.1:9889]
14:33:13 [INFO] Listening to the client connections [/127.0.0.1:39190]
14:34:12 [INFO] Loaded properties from file 'system.properties'
14:34:12 [INFO] Loaded properties from file 'jdbc.properties'
14:34:12 [INFO] Database connected successfully!
14:34:12 [INFO] load 442  item(s) count.
14:34:12 [INFO] Loaded 1 registered GameServers.
14:34:12 [INFO] Loaded 0 blocked ip masks.
14:34:12 [INFO] Loaded
14:34:12 [INFO] Loaded start player template
14:34:12 [INFO] Loaded 0 start items
14:34:12 [INFO] Loaded 2 client packet prototypes
14:34:12 [INFO] Loaded 2 operations interaction with the game server
14:34:12 [INFO] Loaded in 0 sec(0,000 min)
14:34:12 [INFO] Used 8 mb, max 31 mb.
14:34:12 [INFO] Used 26,78% percent memory.
14:34:12 [INFO] Listening to the game server connections [/127.0.0.1:9889]
14:34:12 [INFO] Listening to the client connections [/127.0.0.1:39190]
14:34:13 [INFO] GameServer [id:none, ip: 127.0.0.1] connected
14:34:33 [INFO] Loaded properties from file 'system.properties'
14:34:33 [INFO] Loaded properties from file 'jdbc.properties'
14:34:33 [INFO] Database connected successfully!
14:34:33 [INFO] load 442  item(s) count.
14:34:33 [INFO] Loaded 1 registered GameServers.
14:34:33 [INFO] Loaded 0 blocked ip masks.
14:34:33 [INFO] Loaded
14:34:33 [INFO] Loaded start player template
14:34:33 [INFO] Loaded 0 start items
14:34:33 [INFO] Loaded 2 client packet prototypes
14:34:33 [INFO] Loaded 2 operations interaction with the game server
14:34:33 [INFO] Loaded in 0 sec(0,000 min)
14:34:33 [INFO] Used 8 mb, max 31 mb.
14:34:33 [INFO] Used 26,99% percent memory.
14:34:33 [INFO] Listening to the game server connections [/127.0.0.1:9889]
14:34:33 [INFO] Listening to the client connections [/127.0.0.1:39190]
14:34:34 [INFO] GameServer [id:none, ip: 127.0.0.1] connected
14:37:43 [INFO] Loaded properties from file 'system.properties'
14:37:43 [INFO] Loaded properties from file 'jdbc.properties'
14:37:43 [INFO] Database connected successfully!
14:37:43 [INFO] load 442  item(s) count.
14:37:43 [INFO] Loaded 1 registered GameServers.
14:37:43 [INFO] Loaded 0 blocked ip masks.
14:37:43 [INFO] Loaded
14:37:43 [INFO] Loaded start player template
14:37:43 [INFO] Loaded 0 start items
14:37:43 [INFO] Loaded 2 client packet prototypes
14:37:43 [INFO] Loaded 2 operations interaction with the game server
14:37:43 [INFO] Loaded in 0 sec(0,000 min)
14:37:43 [INFO] Used 8 mb, max 31 mb.
14:37:43 [INFO] Used 26,97% percent memory.
14:37:43 [INFO] Listening to the game server connections [/127.0.0.1:9889]
14:37:43 [INFO] Listening to the client connections [/127.0.0.1:39190]
14:37:44 [INFO] GameServer [id:none, ip: 127.0.0.1] connected
14:38:04 [INFO] GameServer [id:1, ip: 127.0.0.1] disconnecting
14:38:04 [INFO] GameServer [id:1, ip: 127.0.0.1] disconnected
14:38:12 [INFO] Loaded properties from file 'system.properties'
14:38:12 [INFO] Loaded properties from file 'jdbc.properties'
14:38:12 [INFO] Database connected successfully!
14:38:12 [INFO] load 442  item(s) count.
14:38:12 [INFO] Loaded 1 registered GameServers.
14:38:12 [INFO] Loaded 0 blocked ip masks.
14:38:12 [INFO] Loaded
14:38:12 [INFO] Loaded start player template
14:38:12 [INFO] Loaded 0 start items
14:38:12 [INFO] Loaded 2 client packet prototypes
14:38:12 [INFO] Loaded 2 operations interaction with the game server
14:38:12 [INFO] Loaded in 0 sec(0,000 min)
14:38:12 [INFO] Used 8 mb, max 31 mb.
14:38:12 [INFO] Used 26,91% percent memory.
14:38:12 [INFO] Listening to the game server connections [/127.0.0.1:9889]
14:38:12 [INFO] Listening to the client connections [/127.0.0.1:39190]
14:38:15 [INFO] GameServer [id:none, ip: 127.0.0.1] connected
14:38:20 [INFO] GameServer [id:1, ip: 127.0.0.1] disconnecting
14:38:20 [INFO] GameServer [id:1, ip: 127.0.0.1] disconnected
14:42:40 [INFO] Loaded properties from file 'system.properties'
14:42:40 [INFO] Loaded properties from file 'jdbc.properties'
14:42:40 [INFO] Database connected successfully!
14:42:40 [INFO] load 442  item(s) count.
14:42:40 [INFO] Loaded 1 registered GameServers.
14:42:40 [INFO] Loaded 0 blocked ip masks.
14:42:40 [INFO] Loaded
14:42:40 [INFO] Loaded start player template
14:42:40 [INFO] Loaded 0 start items
14:42:40 [INFO] Loaded 2 client packet prototypes
14:42:40 [INFO] Loaded 2 operations interaction with the game server
14:42:40 [INFO] Loaded in 0 sec(0,000 min)
14:42:40 [INFO] Used 8 mb, max 31 mb.
14:42:40 [INFO] Used 26,89% percent memory.
14:42:41 [INFO] Listening to the game server connections [/127.0.0.1:9889]
14:42:41 [INFO] Listening to the client connections [/127.0.0.1:39190]
14:43:30 [ERROR] 
java.lang.NullPointerException: null
	at ru.pb.auth.network.client.packets.ServerPacket.writeImpl(ServerPacket.java:49) ~[pb-auth.jar:na]
	at ru.pb.auth.network.client.ClientConnection.sendPacket(ClientConnection.java:121) ~[pb-auth.jar:na]
	at ru.pb.auth.network.client.ClientConnection.channelActive(ClientConnection.java:52) ~[pb-auth.jar:na]
	at io.netty.channel.DefaultChannelHandlerContext.invokeChannelActive(DefaultChannelHandlerContext.java:213) [netty-all-4.0.14.Final.jar:4.0.14.Final]
	at io.netty.channel.DefaultChannelHandlerContext.fireChannelActive(DefaultChannelHandlerContext.java:199) [netty-all-4.0.14.Final.jar:4.0.14.Final]
	at io.netty.channel.ChannelInboundHandlerAdapter.channelActive(ChannelInboundHandlerAdapter.java:64) [netty-all-4.0.14.Final.jar:4.0.14.Final]
	at io.netty.handler.logging.LoggingHandler.channelActive(LoggingHandler.java:218) [netty-all-4.0.14.Final.jar:4.0.14.Final]
	at io.netty.channel.DefaultChannelHandlerContext.invokeChannelActive(DefaultChannelHandlerContext.java:213) [netty-all-4.0.14.Final.jar:4.0.14.Final]
	at io.netty.channel.DefaultChannelHandlerContext.fireChannelActive(DefaultChannelHandlerContext.java:199) [netty-all-4.0.14.Final.jar:4.0.14.Final]
	at io.netty.channel.DefaultChannelPipeline.fireChannelActive(DefaultChannelPipeline.java:756) [netty-all-4.0.14.Final.jar:4.0.14.Final]
	at io.netty.channel.AbstractChannel$AbstractUnsafe.register0(AbstractChannel.java:444) [netty-all-4.0.14.Final.jar:4.0.14.Final]
	at io.netty.channel.AbstractChannel$AbstractUnsafe.access$100(AbstractChannel.java:374) [netty-all-4.0.14.Final.jar:4.0.14.Final]
	at io.netty.channel.AbstractChannel$AbstractUnsafe$1.run(AbstractChannel.java:418) [netty-all-4.0.14.Final.jar:4.0.14.Final]
	at io.netty.util.concurrent.SingleThreadEventExecutor.runAllTasks(SingleThreadEventExecutor.java:354) [netty-all-4.0.14.Final.jar:4.0.14.Final]
	at io.netty.channel.nio.NioEventLoop.run(NioEventLoop.java:353) [netty-all-4.0.14.Final.jar:4.0.14.Final]
	at io.netty.util.concurrent.SingleThreadEventExecutor$2.run(SingleThreadEventExecutor.java:101) [netty-all-4.0.14.Final.jar:4.0.14.Final]
	at java.lang.Thread.run(Unknown Source) [na:1.8.0_231]
14:44:19 [INFO] Loaded properties from file 'system.properties'
14:44:19 [INFO] Loaded properties from file 'jdbc.properties'
14:44:19 [INFO] Database connected successfully!
14:44:19 [INFO] load 442  item(s) count.
14:44:19 [INFO] Loaded 1 registered GameServers.
14:44:19 [INFO] Loaded 0 blocked ip masks.
14:44:19 [INFO] Loaded
14:44:19 [INFO] Loaded start player template
14:44:19 [INFO] Loaded 0 start items
14:44:19 [INFO] Loaded 2 client packet prototypes
14:44:19 [INFO] Loaded 2 operations interaction with the game server
14:44:19 [INFO] Loaded in 0 sec(0,000 min)
14:44:19 [INFO] Used 8 mb, max 31 mb.
14:44:19 [INFO] Used 26,81% percent memory.
14:44:20 [INFO] Listening to the game server connections [/127.0.0.1:9889]
14:44:20 [INFO] Listening to the client connections [/127.0.0.1:39190]
14:44:23 [INFO] Loaded properties from file 'system.properties'
14:44:23 [INFO] Loaded properties from file 'jdbc.properties'
14:44:23 [INFO] Database connected successfully!
14:44:23 [INFO] load 442  item(s) count.
14:44:23 [INFO] Loaded 1 registered GameServers.
14:44:23 [INFO] Loaded 0 blocked ip masks.
14:44:23 [INFO] Loaded
14:44:23 [INFO] Loaded start player template
14:44:23 [INFO] Loaded 0 start items
14:44:23 [INFO] Loaded 2 client packet prototypes
14:44:23 [INFO] Loaded 2 operations interaction with the game server
14:44:23 [INFO] Loaded in 0 sec(0,000 min)
14:44:23 [INFO] Used 8 mb, max 31 mb.
14:44:23 [INFO] Used 26,86% percent memory.
14:44:23 [INFO] Listening to the game server connections [/127.0.0.1:9889]
14:44:23 [INFO] Listening to the client connections [/127.0.0.1:39190]
14:45:02 [INFO] Client [id:1, ip: 127.0.0.1] connected
14:45:02 [INFO] Client [id:1, ip: 127.0.0.1] sending packet: [S] 0x801 PROTOCOL_BASE_SERVER_LIST; capacity: 4; writable: 4
14:45:02 [INFO] Client [id:1, ip: 127.0.0.1] sending packet: [S] 0xA04 PROTOCOL_BASE_LOGIN_ACK; capacity: 4; writable: 4
14:45:02 [WARN] Client [id:1, ip: 127.0.0.1] received unknown packet : 0xA76 [int: 2678] [0B]
         +-------------------------------------------------+
         |  0  1  2  3  4  5  6  7  8  9  a  b  c  d  e  f |
+--------+-------------------------------------------------+----------------+
+--------+-------------------------------------------------+----------------+
14:45:04 [WARN] Client [id:1, ip: 127.0.0.1] received unknown packet : 0xA05 [int: 2565] [0B]
         +-------------------------------------------------+
         |  0  1  2  3  4  5  6  7  8  9  a  b  c  d  e  f |
+--------+-------------------------------------------------+----------------+
+--------+-------------------------------------------------+----------------+
14:45:04 [WARN] Client [id:1, ip: 127.0.0.1] received unknown packet : 0xA07 [int: 2567] [0B]
         +-------------------------------------------------+
         |  0  1  2  3  4  5  6  7  8  9  a  b  c  d  e  f |
+--------+-------------------------------------------------+----------------+
+--------+-------------------------------------------------+----------------+
14:45:04 [WARN] Client [id:1, ip: 127.0.0.1] received unknown packet : 0xA6A [int: 2666] [0B]
         +-------------------------------------------------+
         |  0  1  2  3  4  5  6  7  8  9  a  b  c  d  e  f |
+--------+-------------------------------------------------+----------------+
+--------+-------------------------------------------------+----------------+
14:45:09 [INFO] Client [id:1, ip: 127.0.0.1] disconnected
14:46:14 [INFO] Loaded properties from file 'system.properties'
14:46:14 [INFO] Loaded properties from file 'jdbc.properties'
14:46:15 [INFO] Database connected successfully!
14:46:15 [INFO] load 442  item(s) count.
14:46:15 [INFO] Loaded 1 registered GameServers.
14:46:15 [INFO] Loaded 0 blocked ip masks.
14:46:15 [INFO] Loaded
14:46:15 [INFO] Loaded start player template
14:46:15 [INFO] Loaded 0 start items
14:46:15 [INFO] Loaded 2 client packet prototypes
14:46:15 [INFO] Loaded 2 operations interaction with the game server
14:46:15 [INFO] Loaded in 0 sec(0,000 min)
14:46:15 [INFO] Used 8 mb, max 31 mb.
14:46:15 [INFO] Used 26,89% percent memory.
14:46:15 [INFO] Listening to the game server connections [/127.0.0.1:9889]
14:46:15 [INFO] Listening to the client connections [/127.0.0.1:39190]
14:46:48 [INFO] Client [id:1, ip: 127.0.0.1] connected
14:46:48 [WARN] Client [id:1, ip: 127.0.0.1] received unknown packet : 0xA76 [int: 2678] [0B]
         +-------------------------------------------------+
         |  0  1  2  3  4  5  6  7  8  9  a  b  c  d  e  f |
+--------+-------------------------------------------------+----------------+
+--------+-------------------------------------------------+----------------+
14:46:50 [WARN] Client [id:1, ip: 127.0.0.1] received unknown packet : 0xA05 [int: 2565] [0B]
         +-------------------------------------------------+
         |  0  1  2  3  4  5  6  7  8  9  a  b  c  d  e  f |
+--------+-------------------------------------------------+----------------+
+--------+-------------------------------------------------+----------------+
14:46:50 [WARN] Client [id:1, ip: 127.0.0.1] received unknown packet : 0xA07 [int: 2567] [0B]
         +-------------------------------------------------+
         |  0  1  2  3  4  5  6  7  8  9  a  b  c  d  e  f |
+--------+-------------------------------------------------+----------------+
+--------+-------------------------------------------------+----------------+
14:46:50 [WARN] Client [id:1, ip: 127.0.0.1] received unknown packet : 0xA6A [int: 2666] [0B]
         +-------------------------------------------------+
         |  0  1  2  3  4  5  6  7  8  9  a  b  c  d  e  f |
+--------+-------------------------------------------------+----------------+
+--------+-------------------------------------------------+----------------+
14:46:55 [INFO] Client [id:1, ip: 127.0.0.1] disconnected
15:25:45 [INFO] Loaded properties from file 'system.properties'
15:25:45 [INFO] Loaded properties from file 'jdbc.properties'
15:25:45 [INFO] Database connected successfully!
15:25:45 [INFO] load 442  item(s) count.
15:25:45 [INFO] Loaded 1 registered GameServers.
15:25:45 [INFO] Loaded 0 blocked ip masks.
15:25:45 [INFO] Loaded
15:25:45 [INFO] Loaded start player template
15:25:45 [INFO] Loaded 0 start items
15:25:45 [INFO] Loaded 2 client packet prototypes
15:25:45 [INFO] Loaded 2 operations interaction with the game server
15:25:45 [INFO] Loaded in 0 sec(0,000 min)
15:25:45 [INFO] Used 8 mb, max 31 mb.
15:25:45 [INFO] Used 26,98% percent memory.
15:25:45 [INFO] Listening to the game server connections [/127.0.0.1:9889]
15:25:45 [INFO] Listening to the client connections [/127.0.0.1:39190]
15:27:04 [INFO] Loaded properties from file 'system.properties'
15:27:04 [INFO] Loaded properties from file 'jdbc.properties'
15:27:04 [INFO] Database connected successfully!
15:27:04 [INFO] load 442  item(s) count.
15:27:04 [INFO] Loaded 1 registered GameServers.
15:27:04 [INFO] Loaded 0 blocked ip masks.
15:27:04 [INFO] Loaded
15:27:04 [INFO] Loaded start player template
15:27:04 [INFO] Loaded 0 start items
15:27:04 [INFO] Loaded 2 client packet prototypes
15:27:04 [INFO] Loaded 2 operations interaction with the game server
15:27:04 [INFO] Loaded in 0 sec(0,000 min)
15:27:04 [INFO] Used 8 mb, max 31 mb.
15:27:04 [INFO] Used 26,80% percent memory.
15:27:04 [INFO] Listening to the game server connections [/127.0.0.1:9889]
15:27:04 [INFO] Listening to the client connections [/127.0.0.1:39190]
15:27:51 [INFO] Loaded properties from file 'system.properties'
15:27:51 [INFO] Loaded properties from file 'jdbc.properties'
15:27:51 [INFO] Database connected successfully!
15:27:51 [INFO] load 442  item(s) count.
15:27:51 [INFO] Loaded 1 registered GameServers.
15:27:51 [INFO] Loaded 0 blocked ip masks.
15:27:51 [INFO] Loaded
15:27:51 [INFO] Loaded start player template
15:27:51 [INFO] Loaded 0 start items
15:27:51 [INFO] Loaded 2 client packet prototypes
15:27:51 [INFO] Loaded 2 operations interaction with the game server
15:27:51 [INFO] Loaded in 0 sec(0,000 min)
15:27:51 [INFO] Used 8 mb, max 31 mb.
15:27:51 [INFO] Used 26,86% percent memory.
15:27:52 [INFO] Listening to the game server connections [/127.0.0.1:9889]
15:27:52 [INFO] Listening to the client connections [/127.0.0.1:39190]
15:28:01 [INFO] Loaded properties from file 'system.properties'
15:28:01 [INFO] Loaded properties from file 'jdbc.properties'
15:28:01 [INFO] Database connected successfully!
15:28:01 [INFO] Loaded 442  item(s) count.
15:28:01 [INFO] Loaded 1 registered GameServers.
15:28:01 [INFO] Loaded 0 blocked ip masks.
15:28:01 [INFO] Loaded
15:28:01 [INFO] Loaded start player template
15:28:01 [INFO] Loaded 0 start items
15:28:01 [INFO] Loaded 2 client packet prototypes
15:28:01 [INFO] Loaded 2 operations interaction with the game server
15:28:01 [INFO] Loaded in 0 sec(0,000 min)
15:28:01 [INFO] Used 8 mb, max 31 mb.
15:28:01 [INFO] Used 26,90% percent memory.
15:28:01 [INFO] Listening to the game server connections [/127.0.0.1:9889]
15:28:01 [INFO] Listening to the client connections [/127.0.0.1:39190]
15:29:07 [INFO] Loaded properties from file 'system.properties'
15:29:07 [INFO] Loaded properties from file 'jdbc.properties'
15:29:07 [INFO] Database connected successfully!
15:29:08 [INFO] Loaded 442  item(s) count.
15:29:08 [INFO] Loaded 1 registered GameServers.
15:29:08 [INFO] Loaded 0 blocked ip masks.
15:29:08 [INFO] Loaded
15:29:08 [INFO] Loaded start player template.
15:29:08 [INFO] Loaded 0 starting items
15:29:08 [INFO] Loaded 2 client packet prototypes
15:29:08 [INFO] Loaded 2 operations interaction with the game server
15:29:08 [INFO] Loaded in 0 sec(0,000 min)
15:29:08 [INFO] Used 8 mb, max 31 mb.
15:29:08 [INFO] Used 26,82% percent memory.
15:29:08 [INFO] Listening to the game server connections [/127.0.0.1:9889]
15:29:08 [INFO] Listening to the client connections [/127.0.0.1:39190]
15:29:34 [INFO] Loaded properties from file 'system.properties'
15:29:34 [INFO] Loaded properties from file 'jdbc.properties'
15:29:34 [INFO] Database connected successfully!
15:29:35 [INFO] Loaded 442  item(s) count.
15:29:35 [INFO] Loaded 1 registered GameServers.
15:29:35 [INFO] Loaded 0 blocked ip masks.
15:29:35 [INFO] Loaded
15:29:35 [INFO] Loaded start player template.
15:29:35 [INFO] Loaded 0 starting items
15:29:35 [INFO] Loaded 2 client packet prototypes
15:29:35 [INFO] Loaded 2 operations interaction with the game server
15:29:35 [INFO] Loaded in 0 sec(0,000 min)
15:29:35 [INFO] Used 8 mb, max 31 mb.
15:29:35 [INFO] Used 26,78% percent memory.
15:29:35 [INFO] Listening to the game server connections [/127.0.0.1:9889]
15:29:35 [INFO] Listening to the client connections [/127.0.0.1:39190]
15:29:46 [INFO] Loaded properties from file 'system.properties'
15:29:46 [INFO] Loaded properties from file 'jdbc.properties'
15:29:46 [INFO] Database connected successfully!
15:29:47 [INFO] Loaded 442  item(s) count.
15:29:47 [INFO] Loaded 1 registered GameServers.
15:29:47 [INFO] Loaded 0 blocked ip masks.
15:29:47 [INFO] Loaded
15:29:47 [INFO] Loaded start player template.
15:29:47 [INFO] Loaded 0 starting items
15:29:47 [INFO] Loaded 2 client packet prototypes
15:29:47 [INFO] Loaded 2 operations interaction with the game server
15:29:47 [INFO] Loaded in 0 sec(0,000 min)
15:29:47 [INFO] Used 8 mb, max 31 mb.
15:29:47 [INFO] Used 26,92% percent memory.
15:29:47 [INFO] Listening to the game server connections [/127.0.0.1:9889]
15:29:47 [INFO] Listening to the client connections [/127.0.0.1:39190]
15:29:56 [INFO] Loaded properties from file 'system.properties'
15:29:56 [INFO] Loaded properties from file 'jdbc.properties'
15:29:56 [INFO] Database connected successfully!
15:29:56 [INFO] Loaded 442  item(s) count.
15:29:56 [INFO] Loaded 1 registered GameServers.
15:29:56 [INFO] Loaded 0 blocked ip masks.
15:29:56 [INFO] Loaded
15:29:56 [INFO] Loaded start player template.
15:29:56 [INFO] Loaded 0 starting items
15:29:56 [INFO] Loaded 2 client packet prototypes
15:29:56 [INFO] Loaded 2 operations interaction with the game server
15:29:56 [INFO] Loaded in 0 sec(0,000 min)
15:29:56 [INFO] Used 8 mb, max 31 mb.
15:29:56 [INFO] Used 26,92% percent memory.
15:29:57 [INFO] Listening to the game server connections [/127.0.0.1:9889]
15:29:57 [INFO] Listening to the client connections [/127.0.0.1:39190]
15:30:12 [INFO] Loaded properties from file 'system.properties'
15:30:12 [INFO] Loaded properties from file 'jdbc.properties'
15:30:12 [INFO] Database connected successfully!
15:30:12 [INFO] Loaded 442  item(s) count.
15:30:12 [INFO] Loaded 1 registered GameServers.
15:30:12 [INFO] Loaded 0 blocked ip masks.
15:30:12 [INFO] Loaded
15:30:12 [INFO] Loaded start player template.
15:30:12 [INFO] Loaded 0 starting items
15:30:12 [INFO] Loaded 2 client packet prototypes
15:30:12 [INFO] Loaded 2 operations interaction with the game server
15:30:12 [INFO] Loaded in 0 sec(0,000 min)
15:30:12 [INFO] Used 8 mb, max 31 mb.
15:30:12 [INFO] Used 26,96% percent memory.
15:30:12 [INFO] Listening to the game server connections [/127.0.0.1:9889]
15:30:12 [INFO] Listening to the client connections [/127.0.0.1:39190]
15:30:28 [INFO] Loaded properties from file 'system.properties'
15:30:28 [INFO] Loaded properties from file 'jdbc.properties'
15:30:28 [INFO] Database connected successfully!
15:30:28 [INFO] Loaded 442  item(s) count.
15:30:28 [INFO] Loaded 1 registered GameServers.
15:30:28 [INFO] Loaded 0 blocked ip masks.
15:30:28 [INFO] Loaded start player template.
15:30:28 [INFO] Loaded 0 starting items
15:30:28 [INFO] Loaded 2 client packet prototypes
15:30:28 [INFO] Loaded 2 operations interaction with the game server
15:30:28 [INFO] Loaded in 0 sec(0,000 min)
15:30:28 [INFO] Used 8 mb, max 31 mb.
15:30:28 [INFO] Used 26,83% percent memory.
15:30:28 [INFO] Listening to the game server connections [/127.0.0.1:9889]
15:30:28 [INFO] Listening to the client connections [/127.0.0.1:39190]
15:30:59 [INFO] Loaded properties from file 'system.properties'
15:30:59 [INFO] Loaded properties from file 'jdbc.properties'
15:30:59 [INFO] Database connected successfully!
15:30:59 [INFO] Loaded 442  item(s) count.
15:30:59 [INFO] Loaded 1 registered GameServers.
15:30:59 [INFO] Loaded 0 blocked ip masks.
15:30:59 [INFO] Loaded start player template.
15:30:59 [INFO] Loaded 0 starting items.
15:30:59 [INFO] Loaded 2 client packet prototypes
15:30:59 [INFO] Loaded 2 operations interaction with the game server
15:30:59 [INFO] Loaded in 0 sec(0,000 min)
15:30:59 [INFO] Used 8 mb, max 31 mb.
15:30:59 [INFO] Used 27,00% percent memory.
15:31:00 [INFO] Listening to the game server connections [/127.0.0.1:9889]
15:31:00 [INFO] Listening to the client connections [/127.0.0.1:39190]
15:52:36 [INFO] Loaded properties from file 'system.properties'
15:52:36 [INFO] Loaded properties from file 'jdbc.properties'
15:52:36 [INFO] Database connected successfully!
15:52:36 [INFO] Loaded 442  item(s) count.
15:52:36 [INFO] Loaded 1 registered GameServers.
15:52:36 [INFO] Loaded 0 blocked ip masks.
15:52:36 [INFO] Loaded start player template.
15:52:36 [INFO] Loaded 11 starting items.
15:52:36 [INFO] Loaded 2 client packet prototypes
15:52:36 [INFO] Loaded 2 operations interaction with the game server
15:52:36 [INFO] Loaded in 0 sec(0,000 min)
15:52:36 [INFO] Used 8 mb, max 31 mb.
15:52:36 [INFO] Used 26,93% percent memory.
15:52:36 [INFO] Listening to the game server connections [/127.0.0.1:9889]
15:52:36 [INFO] Listening to the client connections [/127.0.0.1:39190]
15:59:34 [INFO] Loaded properties from file 'system.properties'
15:59:34 [INFO] Loaded properties from file 'jdbc.properties'
15:59:34 [INFO] Database connected successfully!
15:59:34 [INFO] Loaded 442  item(s) count.
15:59:34 [INFO] Loaded 1 registered GameServers.
15:59:34 [INFO] Loaded 0 blocked ip masks.
15:59:34 [INFO] Loaded start player template.
15:59:34 [INFO] Loaded 11 starting items.
15:59:34 [INFO] Loaded 3 client packet prototypes
15:59:34 [INFO] Loaded 2 operations interaction with the game server
15:59:34 [INFO] Loaded in 0 sec(0,000 min)
15:59:34 [INFO] Used 8 mb, max 31 mb.
15:59:34 [INFO] Used 27,35% percent memory.
15:59:34 [INFO] Listening to the game server connections [/127.0.0.1:9889]
15:59:34 [INFO] Listening to the client connections [/127.0.0.1:39190]
16:00:07 [INFO] Client [id:1, ip: 127.0.0.1] connected
16:00:07 [INFO] Created new account: test
16:00:07 [WARN] Client [id:1, ip: 127.0.0.1] received unknown packet : 0xA76 [int: 2678] [0B]
         +-------------------------------------------------+
         |  0  1  2  3  4  5  6  7  8  9  a  b  c  d  e  f |
+--------+-------------------------------------------------+----------------+
+--------+-------------------------------------------------+----------------+
16:00:09 [WARN] Client [id:1, ip: 127.0.0.1] received unknown packet : 0xA05 [int: 2565] [0B]
         +-------------------------------------------------+
         |  0  1  2  3  4  5  6  7  8  9  a  b  c  d  e  f |
+--------+-------------------------------------------------+----------------+
+--------+-------------------------------------------------+----------------+
16:00:09 [WARN] Client [id:1, ip: 127.0.0.1] received unknown packet : 0xA07 [int: 2567] [0B]
         +-------------------------------------------------+
         |  0  1  2  3  4  5  6  7  8  9  a  b  c  d  e  f |
+--------+-------------------------------------------------+----------------+
+--------+-------------------------------------------------+----------------+
16:00:09 [INFO] PERMANENT - initConsumeLost
16:00:09 [INFO] PERMANENT - initConsumeLost
16:00:09 [INFO] PERMANENT - initConsumeLost
16:00:09 [INFO] PERMANENT - initConsumeLost
16:00:09 [INFO] PERMANENT - initConsumeLost
16:00:09 [INFO] PERMANENT - initConsumeLost
16:00:09 [INFO] PERMANENT - initConsumeLost
16:00:09 [INFO] TEMPORARY - initConsumeLost
16:00:09 [INFO] PERMANENT - initConsumeLost
16:00:09 [INFO] PERMANENT - initConsumeLost
16:00:09 [INFO] PERMANENT - initConsumeLost
16:00:14 [WARN] Client [id:1, ip: 127.0.0.1] received unknown packet : 0xA8A [int: 2698] [0B]
         +-------------------------------------------------+
         |  0  1  2  3  4  5  6  7  8  9  a  b  c  d  e  f |
+--------+-------------------------------------------------+----------------+
+--------+-------------------------------------------------+----------------+
16:00:21 [INFO] Client [id:1, ip: 127.0.0.1] disconnected
16:00:39 [INFO] Loaded properties from file 'system.properties'
16:00:39 [INFO] Loaded properties from file 'jdbc.properties'
16:00:39 [INFO] Database connected successfully!
16:00:39 [INFO] Loaded 442  item(s) count.
16:00:39 [INFO] Loaded 1 registered GameServers.
16:00:39 [INFO] Loaded 0 blocked ip masks.
16:00:39 [INFO] Loaded start player template.
16:00:39 [INFO] Loaded 11 starting items.
16:00:39 [INFO] Loaded 3 client packet prototypes
16:00:39 [INFO] Loaded 2 operations interaction with the game server
16:00:39 [INFO] Loaded in 0 sec(0,000 min)
16:00:39 [INFO] Used 8 mb, max 31 mb.
16:00:39 [INFO] Used 27,50% percent memory.
16:00:40 [INFO] Listening to the game server connections [/127.0.0.1:9889]
16:00:40 [INFO] Listening to the client connections [/127.0.0.1:39190]
16:01:24 [INFO] Client [id:1, ip: 127.0.0.1] connected
16:01:24 [WARN] Client [id:1, ip: 127.0.0.1] received unknown packet : 0xA76 [int: 2678] [0B]
         +-------------------------------------------------+
         |  0  1  2  3  4  5  6  7  8  9  a  b  c  d  e  f |
+--------+-------------------------------------------------+----------------+
+--------+-------------------------------------------------+----------------+
16:01:26 [WARN] Client [id:1, ip: 127.0.0.1] received unknown packet : 0xA05 [int: 2565] [0B]
         +-------------------------------------------------+
         |  0  1  2  3  4  5  6  7  8  9  a  b  c  d  e  f |
+--------+-------------------------------------------------+----------------+
+--------+-------------------------------------------------+----------------+
16:01:26 [WARN] Client [id:1, ip: 127.0.0.1] received unknown packet : 0xA07 [int: 2567] [0B]
         +-------------------------------------------------+
         |  0  1  2  3  4  5  6  7  8  9  a  b  c  d  e  f |
+--------+-------------------------------------------------+----------------+
+--------+-------------------------------------------------+----------------+
16:01:26 [INFO] PERMANENT - initConsumeLost
16:01:26 [INFO] PERMANENT - initConsumeLost
16:01:26 [INFO] PERMANENT - initConsumeLost
16:01:26 [INFO] PERMANENT - initConsumeLost
16:01:26 [INFO] PERMANENT - initConsumeLost
16:01:26 [INFO] PERMANENT - initConsumeLost
16:01:26 [INFO] PERMANENT - initConsumeLost
16:01:26 [INFO] TEMPORARY - initConsumeLost
16:01:26 [INFO] PERMANENT - initConsumeLost
16:01:26 [INFO] PERMANENT - initConsumeLost
16:01:26 [INFO] PERMANENT - initConsumeLost
16:01:26 [WARN] Client [id:1, ip: 127.0.0.1] received unknown packet : 0xA8A [int: 2698] [0B]
         +-------------------------------------------------+
         |  0  1  2  3  4  5  6  7  8  9  a  b  c  d  e  f |
+--------+-------------------------------------------------+----------------+
+--------+-------------------------------------------------+----------------+
16:01:32 [INFO] Client [id:1, ip: 127.0.0.1] disconnected
16:07:21 [INFO] Loaded properties from file 'system.properties'
16:07:21 [INFO] Loaded properties from file 'jdbc.properties'
16:07:21 [INFO] Database connected successfully!
16:07:21 [INFO] Loaded 442  item(s) count.
16:07:21 [INFO] Loaded 1 registered GameServers.
16:07:21 [INFO] Loaded 0 blocked ip masks.
16:07:21 [INFO] Loaded start player template.
16:07:21 [INFO] Loaded 11 starting items.
16:07:21 [INFO] Loaded 4 client packet prototypes
16:07:21 [INFO] Loaded 2 operations interaction with the game server
16:07:21 [INFO] Loaded in 0 sec(0,000 min)
16:07:21 [INFO] Used 8 mb, max 31 mb.
16:07:21 [INFO] Used 27,38% percent memory.
16:07:21 [INFO] Listening to the game server connections [/127.0.0.1:9889]
16:07:21 [INFO] Listening to the client connections [/127.0.0.1:39190]
16:07:53 [INFO] Client [id:1, ip: 127.0.0.1] connected
16:07:53 [WARN] Client [id:1, ip: 127.0.0.1] received unknown packet : 0xA76 [int: 2678] [0B]
         +-------------------------------------------------+
         |  0  1  2  3  4  5  6  7  8  9  a  b  c  d  e  f |
+--------+-------------------------------------------------+----------------+
+--------+-------------------------------------------------+----------------+
16:07:55 [WARN] Client [id:1, ip: 127.0.0.1] received unknown packet : 0xA05 [int: 2565] [0B]
         +-------------------------------------------------+
         |  0  1  2  3  4  5  6  7  8  9  a  b  c  d  e  f |
+--------+-------------------------------------------------+----------------+
+--------+-------------------------------------------------+----------------+
16:07:55 [WARN] Client [id:1, ip: 127.0.0.1] received unknown packet : 0xA07 [int: 2567] [0B]
         +-------------------------------------------------+
         |  0  1  2  3  4  5  6  7  8  9  a  b  c  d  e  f |
+--------+-------------------------------------------------+----------------+
+--------+-------------------------------------------------+----------------+
16:15:35 [INFO] Loaded properties from file 'system.properties'
16:15:35 [INFO] Loaded properties from file 'jdbc.properties'
16:15:35 [INFO] Database connected successfully!
16:15:35 [INFO] Loaded 442  item(s) count.
16:15:35 [INFO] Loaded 1 registered GameServers.
16:15:35 [INFO] Loaded 0 blocked ip masks.
16:15:35 [INFO] Loaded start player template.
16:15:35 [INFO] Loaded 11 starting items.
16:15:35 [INFO] Loaded 4 client packet prototypes
16:15:35 [INFO] Loaded 2 operations interaction with the game server
16:15:35 [INFO] Loaded in 0 sec(0,000 min)
16:15:35 [INFO] Used 8 mb, max 31 mb.
16:15:35 [INFO] Used 27,35% percent memory.
16:15:35 [INFO] Listening to the game server connections [/127.0.0.1:9889]
16:15:35 [INFO] Listening to the client connections [/127.0.0.1:39190]
16:16:15 [INFO] Client [id:1, ip: 127.0.0.1] connected
16:16:15 [WARN] Client [id:1, ip: 127.0.0.1] received unknown packet : 0xA76 [int: 2678] [0B]
         +-------------------------------------------------+
         |  0  1  2  3  4  5  6  7  8  9  a  b  c  d  e  f |
+--------+-------------------------------------------------+----------------+
+--------+-------------------------------------------------+----------------+
16:16:17 [WARN] Client [id:1, ip: 127.0.0.1] received unknown packet : 0xA05 [int: 2565] [0B]
         +-------------------------------------------------+
         |  0  1  2  3  4  5  6  7  8  9  a  b  c  d  e  f |
+--------+-------------------------------------------------+----------------+
+--------+-------------------------------------------------+----------------+
16:16:17 [WARN] Client [id:1, ip: 127.0.0.1] received unknown packet : 0xA07 [int: 2567] [0B]
         +-------------------------------------------------+
         |  0  1  2  3  4  5  6  7  8  9  a  b  c  d  e  f |
+--------+-------------------------------------------------+----------------+
+--------+-------------------------------------------------+----------------+
16:16:23 [INFO] Client [id:1, ip: 127.0.0.1] disconnected
16:17:51 [INFO] Loaded properties from file 'system.properties'
16:17:51 [INFO] Loaded properties from file 'jdbc.properties'
16:17:51 [INFO] Database connected successfully!
16:17:51 [INFO] Loaded 442  item(s) count.
16:17:51 [INFO] Loaded 1 registered GameServers.
16:17:51 [INFO] Loaded 0 blocked ip masks.
16:17:51 [INFO] Loaded start player template.
16:17:51 [INFO] Loaded 11 starting items.
16:17:51 [INFO] Loaded 5 client packet prototypes
16:17:51 [INFO] Loaded 2 operations interaction with the game server
16:17:51 [INFO] Loaded in 0 sec(0,000 min)
16:17:51 [INFO] Used 8 mb, max 31 mb.
16:17:51 [INFO] Used 27,30% percent memory.
16:17:51 [INFO] Listening to the game server connections [/127.0.0.1:9889]
16:17:51 [INFO] Listening to the client connections [/127.0.0.1:39190]
16:18:10 [INFO] Client [id:1, ip: 127.0.0.1] connected
16:18:12 [WARN] Client [id:1, ip: 127.0.0.1] received unknown packet : 0xA05 [int: 2565] [0B]
         +-------------------------------------------------+
         |  0  1  2  3  4  5  6  7  8  9  a  b  c  d  e  f |
+--------+-------------------------------------------------+----------------+
+--------+-------------------------------------------------+----------------+
16:18:12 [WARN] Client [id:1, ip: 127.0.0.1] received unknown packet : 0xA07 [int: 2567] [0B]
         +-------------------------------------------------+
         |  0  1  2  3  4  5  6  7  8  9  a  b  c  d  e  f |
+--------+-------------------------------------------------+----------------+
+--------+-------------------------------------------------+----------------+
16:18:20 [INFO] Client [id:1, ip: 127.0.0.1] disconnected
16:27:36 [INFO] Loaded properties from file 'system.properties'
16:27:36 [INFO] Loaded properties from file 'jdbc.properties'
16:27:36 [INFO] Database connected successfully!
16:27:36 [INFO] Loaded 442  item(s) count.
16:27:36 [INFO] Loaded 1 registered GameServers.
16:27:36 [INFO] Loaded 0 blocked ip masks.
16:27:36 [INFO] Loaded start player template.
16:27:36 [INFO] Loaded 11 starting items.
16:27:36 [INFO] Loaded 6 client packet prototypes
16:27:36 [INFO] Loaded 2 operations interaction with the game server
16:27:36 [INFO] Loaded in 0 sec(0,000 min)
16:27:36 [INFO] Used 8 mb, max 31 mb.
16:27:36 [INFO] Used 27,36% percent memory.
16:27:36 [INFO] Listening to the game server connections [/127.0.0.1:9889]
16:27:36 [INFO] Listening to the client connections [/127.0.0.1:39190]
16:28:09 [INFO] Client [id:1, ip: 127.0.0.1] connected
16:28:11 [WARN] Client [id:1, ip: 127.0.0.1] received unknown packet : 0xA05 [int: 2565] [0B]
         +-------------------------------------------------+
         |  0  1  2  3  4  5  6  7  8  9  a  b  c  d  e  f |
+--------+-------------------------------------------------+----------------+
+--------+-------------------------------------------------+----------------+
16:28:33 [INFO] Client [id:1, ip: 127.0.0.1] disconnected
16:32:34 [INFO] Loaded properties from file 'system.properties'
16:32:34 [INFO] Loaded properties from file 'jdbc.properties'
16:32:34 [INFO] Database connected successfully!
16:32:34 [INFO] Loaded 442  item(s) count.
16:32:34 [INFO] Loaded 1 registered GameServers.
16:32:34 [INFO] Loaded 0 blocked ip masks.
16:32:34 [INFO] Loaded start player template.
16:32:34 [INFO] Loaded 11 starting items.
16:32:34 [INFO] Loaded 7 client packet prototypes
16:32:34 [INFO] Loaded 2 operations interaction with the game server
16:32:34 [INFO] Loaded in 0 sec(0,000 min)
16:32:34 [INFO] Used 8 mb, max 31 mb.
16:32:34 [INFO] Used 27,46% percent memory.
16:32:34 [INFO] Listening to the game server connections [/127.0.0.1:9889]
16:32:34 [INFO] Listening to the client connections [/127.0.0.1:39190]
16:33:01 [INFO] Client [id:1, ip: 127.0.0.1] connected
16:33:33 [INFO] Client [id:1, ip: 127.0.0.1] disconnected
16:37:02 [INFO] Loaded properties from file 'system.properties'
16:37:02 [INFO] Loaded properties from file 'jdbc.properties'
16:37:02 [INFO] Database connected successfully!
16:37:02 [INFO] Loaded 442  item(s) count.
16:37:02 [INFO] Loaded 1 registered GameServers.
16:37:02 [INFO] Loaded 0 blocked ip masks.
16:37:02 [INFO] Loaded start player template.
16:37:02 [INFO] Loaded 11 starting items.
16:37:02 [INFO] Loaded 7 client packet prototypes
16:37:02 [INFO] Loaded 2 operations interaction with the game server
16:37:02 [INFO] Loaded in 0 sec(0,000 min)
16:37:02 [INFO] Used 8 mb, max 31 mb.
16:37:02 [INFO] Used 27,99% percent memory.
16:37:02 [INFO] Listening to the game server connections [/127.0.0.1:9889]
16:37:02 [INFO] Listening to the client connections [/127.0.0.1:39190]
16:37:03 [INFO] The server has been shutdown!
16:37:03 [INFO] Networking is closed!
16:37:03 [INFO] The server has been shutdown!
16:37:03 [INFO] Networking is closed!
16:37:08 [INFO] Loaded properties from file 'system.properties'
16:37:08 [INFO] Loaded properties from file 'jdbc.properties'
16:37:08 [INFO] Database connected successfully!
16:37:08 [INFO] Loaded 442  item(s) count.
16:37:08 [INFO] Loaded 1 registered GameServers.
16:37:08 [INFO] Loaded 0 blocked ip masks.
16:37:08 [INFO] Loaded start player template.
16:37:08 [INFO] Loaded 11 starting items.
16:37:08 [INFO] Loaded 7 client packet prototypes
16:37:08 [INFO] Loaded 2 operations interaction with the game server
16:37:08 [INFO] Loaded in 0 sec(0,000 min)
16:37:08 [INFO] Used 8 mb, max 31 mb.
16:37:08 [INFO] Used 28,22% percent memory.
16:37:08 [INFO] Listening to the game server connections [/127.0.0.1:9889]
16:37:08 [INFO] Listening to the client connections [/127.0.0.1:39190]
16:37:09 [INFO] GameServer [id:none, ip: 127.0.0.1] connected
16:37:17 [INFO] Client [id:1, ip: 127.0.0.1] connected
16:37:20 [WARN] Client [id:1, ip: 127.0.0.1] received unknown packet : 0xA11 [int: 2577] [0B]
         +-------------------------------------------------+
         |  0  1  2  3  4  5  6  7  8  9  a  b  c  d  e  f |
+--------+-------------------------------------------------+----------------+
+--------+-------------------------------------------------+----------------+
16:39:36 [INFO] Loaded properties from file 'system.properties'
16:39:36 [INFO] Loaded properties from file 'jdbc.properties'
16:39:36 [INFO] Database connected successfully!
16:39:36 [INFO] Loaded 442  item(s) count.
16:39:36 [INFO] Loaded 1 registered GameServers.
16:39:36 [INFO] Loaded 0 blocked ip masks.
16:39:36 [INFO] Loaded start player template.
16:39:36 [INFO] Loaded 11 starting items.
16:39:36 [INFO] Loaded 9 client packet prototypes
16:39:36 [INFO] Loaded 2 operations interaction with the game server
16:39:36 [INFO] Loaded in 0 sec(0,000 min)
16:39:36 [INFO] Used 8 mb, max 31 mb.
16:39:36 [INFO] Used 28,05% percent memory.
16:39:37 [INFO] Listening to the game server connections [/127.0.0.1:9889]
16:39:37 [INFO] Listening to the client connections [/127.0.0.1:39190]
16:39:37 [INFO] GameServer [id:none, ip: 127.0.0.1] connected
16:40:12 [INFO] Client [id:1, ip: 127.0.0.1] connected
16:40:17 [INFO] Client [id:1, ip: 127.0.0.1] disconnected
16:40:36 [INFO] GameServer [id:1, ip: 127.0.0.1] disconnecting
16:40:36 [INFO] GameServer [id:1, ip: 127.0.0.1] disconnected
