14:43:30 [ERROR] 
java.lang.NullPointerException: null
	at ru.pb.auth.network.client.packets.ServerPacket.writeImpl(ServerPacket.java:49) ~[pb-auth.jar:na]
	at ru.pb.auth.network.client.ClientConnection.sendPacket(ClientConnection.java:121) ~[pb-auth.jar:na]
	at ru.pb.auth.network.client.ClientConnection.channelActive(ClientConnection.java:52) ~[pb-auth.jar:na]
	at io.netty.channel.DefaultChannelHandlerContext.invokeChannelActive(DefaultChannelHandlerContext.java:213) [netty-all-4.0.14.Final.jar:4.0.14.Final]
	at io.netty.channel.DefaultChannelHandlerContext.fireChannelActive(DefaultChannelHandlerContext.java:199) [netty-all-4.0.14.Final.jar:4.0.14.Final]
	at io.netty.channel.ChannelInboundHandlerAdapter.channelActive(ChannelInboundHandlerAdapter.java:64) [netty-all-4.0.14.Final.jar:4.0.14.Final]
	at io.netty.handler.logging.LoggingHandler.channelActive(LoggingHandler.java:218) [netty-all-4.0.14.Final.jar:4.0.14.Final]
	at io.netty.channel.DefaultChannelHandlerContext.invokeChannelActive(DefaultChannelHandlerContext.java:213) [netty-all-4.0.14.Final.jar:4.0.14.Final]
	at io.netty.channel.DefaultChannelHandlerContext.fireChannelActive(DefaultChannelHandlerContext.java:199) [netty-all-4.0.14.Final.jar:4.0.14.Final]
	at io.netty.channel.DefaultChannelPipeline.fireChannelActive(DefaultChannelPipeline.java:756) [netty-all-4.0.14.Final.jar:4.0.14.Final]
	at io.netty.channel.AbstractChannel$AbstractUnsafe.register0(AbstractChannel.java:444) [netty-all-4.0.14.Final.jar:4.0.14.Final]
	at io.netty.channel.AbstractChannel$AbstractUnsafe.access$100(AbstractChannel.java:374) [netty-all-4.0.14.Final.jar:4.0.14.Final]
	at io.netty.channel.AbstractChannel$AbstractUnsafe$1.run(AbstractChannel.java:418) [netty-all-4.0.14.Final.jar:4.0.14.Final]
	at io.netty.util.concurrent.SingleThreadEventExecutor.runAllTasks(SingleThreadEventExecutor.java:354) [netty-all-4.0.14.Final.jar:4.0.14.Final]
	at io.netty.channel.nio.NioEventLoop.run(NioEventLoop.java:353) [netty-all-4.0.14.Final.jar:4.0.14.Final]
	at io.netty.util.concurrent.SingleThreadEventExecutor$2.run(SingleThreadEventExecutor.java:101) [netty-all-4.0.14.Final.jar:4.0.14.Final]
	at java.lang.Thread.run(Unknown Source) [na:1.8.0_231]
13:20:47 [ERROR] 
java.lang.NullPointerException: null
	at ru.pb.auth.network.gameserver.GameConnection.channelUnregistered(GameConnection.java:54) ~[pb-auth.jar:na]
	at io.netty.channel.DefaultChannelHandlerContext.invokeChannelUnregistered(DefaultChannelHandlerContext.java:188) [netty-all-4.0.14.Final.jar:4.0.14.Final]
	at io.netty.channel.DefaultChannelHandlerContext.fireChannelUnregistered(DefaultChannelHandlerContext.java:174) [netty-all-4.0.14.Final.jar:4.0.14.Final]
	at io.netty.channel.ChannelInboundHandlerAdapter.channelUnregistered(ChannelInboundHandlerAdapter.java:53) [netty-all-4.0.14.Final.jar:4.0.14.Final]
	at io.netty.handler.logging.LoggingHandler.channelUnregistered(LoggingHandler.java:209) [netty-all-4.0.14.Final.jar:4.0.14.Final]
	at io.netty.channel.DefaultChannelHandlerContext.invokeChannelUnregistered(DefaultChannelHandlerContext.java:188) [netty-all-4.0.14.Final.jar:4.0.14.Final]
	at io.netty.channel.DefaultChannelHandlerContext.fireChannelUnregistered(DefaultChannelHandlerContext.java:174) [netty-all-4.0.14.Final.jar:4.0.14.Final]
	at io.netty.channel.ChannelInboundHandlerAdapter.channelUnregistered(ChannelInboundHandlerAdapter.java:53) [netty-all-4.0.14.Final.jar:4.0.14.Final]
	at io.netty.channel.DefaultChannelHandlerContext.invokeChannelUnregistered(DefaultChannelHandlerContext.java:188) [netty-all-4.0.14.Final.jar:4.0.14.Final]
	at io.netty.channel.DefaultChannelHandlerContext.fireChannelUnregistered(DefaultChannelHandlerContext.java:174) [netty-all-4.0.14.Final.jar:4.0.14.Final]
	at io.netty.channel.DefaultChannelPipeline.fireChannelUnregistered(DefaultChannelPipeline.java:736) [netty-all-4.0.14.Final.jar:4.0.14.Final]
	at io.netty.channel.AbstractChannel$AbstractUnsafe$6.run(AbstractChannel.java:596) [netty-all-4.0.14.Final.jar:4.0.14.Final]
	at io.netty.util.concurrent.SingleThreadEventExecutor.runAllTasks(SingleThreadEventExecutor.java:354) [netty-all-4.0.14.Final.jar:4.0.14.Final]
	at io.netty.channel.nio.NioEventLoop.run(NioEventLoop.java:353) [netty-all-4.0.14.Final.jar:4.0.14.Final]
	at io.netty.util.concurrent.SingleThreadEventExecutor$2.run(SingleThreadEventExecutor.java:101) [netty-all-4.0.14.Final.jar:4.0.14.Final]
	at java.lang.Thread.run(Unknown Source) [na:1.8.0_231]
